<?xml version="1.0" encoding="UTF-8"?>
<!-- Generated by org.testng.reporters.JUnitReportReporter -->
<testsuite skipped="0" hostname="DESKTOP-J4K2E9R" name="main.SUIT_BasicFlow" tests="4" failures="0" timestamp="05 Dec 2018 05:26:22 GMT" time="14.202" errors="0">
  <testcase name="SearchLanding" time="3.665" classname="main.SUIT_BasicFlow"/>
  <testcase name="SearchFilter" time="2.206" classname="main.SUIT_BasicFlow"/>
  <testcase name="SearchListOrder" time="8.289" classname="main.SUIT_BasicFlow"/>
  <testcase name="ResultVerifications" time="0.042" classname="main.SUIT_BasicFlow"/>
</testsuite> <!-- main.SUIT_BasicFlow -->
